<?xml version="1.0" ?>
<coverage version="6.3" timestamp="1643417604113" lines-valid="2" lines-covered="2" line-rate="1" branches-valid="0" branches-covered="0" branch-rate="1" complexity="0">
	<!-- Generated by coverage.py: https://coverage.readthedocs.io -->
	<!-- Based on https://raw.githubusercontent.com/cobertura/web/master/htdocs/xml/coverage-04.dtd -->
	<sources>
		<source></source>
	</sources>
	<packages>
		<package name=".Users.pier.Projects.crome-synthesis.crome_synthesis" line-rate="1" branch-rate="1" complexity="0">
			<classes>
				<class name="__init__.py" filename="/Users/pier/Projects/crome-synthesis/crome_synthesis/__init__.py" complexity="0" line-rate="1" branch-rate="1">
					<methods/>
					<lines/>
				</class>
				<class name="example.py" filename="/Users/pier/Projects/crome-synthesis/crome_synthesis/example.py" complexity="0" line-rate="1" branch-rate="1">
					<methods/>
					<lines>
						<line number="1" hits="1"/>
						<line number="14" hits="1"/>
					</lines>
				</class>
			</classes>
		</package>
	</packages>
</coverage>
